<?xml version="1.0" encoding="UTF-8"?>
<coverage generated="1542134173667" clover="3.2.0">
  <project timestamp="1542134173668" name="All files">
    <metrics statements="12" coveredstatements="2" conditionals="0" coveredconditionals="0" methods="2" coveredmethods="0" elements="14" coveredelements="2" complexity="0" loc="12" ncloc="12" packages="3" files="4" classes="4">
      <package name="src">
        <metrics statements="10" coveredstatements="0" conditionals="0" coveredconditionals="0" methods="2" coveredmethods="0"/>
        <file name="app.js" path="/Users/achenwei/www/lab/boilerplate-webpack-babel-sass-storybook-vuejs/src/app.js">
          <metrics statements="6" coveredstatements="0" conditionals="0" coveredconditionals="0" methods="2" coveredmethods="0"/>
          <line num="1" count="0" type="stmt"/>
          <line num="2" count="0" type="stmt"/>
          <line num="3" count="0" type="stmt"/>
          <line num="5" count="0" type="stmt"/>
          <line num="8" count="0" type="stmt"/>
          <line num="10" count="0" type="stmt"/>
        </file>
        <file name="library.js" path="/Users/achenwei/www/lab/boilerplate-webpack-babel-sass-storybook-vuejs/src/library.js">
          <metrics statements="4" coveredstatements="0" conditionals="0" coveredconditionals="0" methods="0" coveredmethods="0"/>
          <line num="1" count="0" type="stmt"/>
          <line num="2" count="0" type="stmt"/>
          <line num="3" count="0" type="stmt"/>
          <line num="4" count="0" type="stmt"/>
        </file>
      </package>
      <package name="src.components.ByeComponent">
        <metrics statements="1" coveredstatements="1" conditionals="0" coveredconditionals="0" methods="0" coveredmethods="0"/>
        <file name="ByeComponent.vue" path="/Users/achenwei/www/lab/boilerplate-webpack-babel-sass-storybook-vuejs/src/components/ByeComponent/ByeComponent.vue">
          <metrics statements="1" coveredstatements="1" conditionals="0" coveredconditionals="0" methods="0" coveredmethods="0"/>
          <line num="12" count="1" type="stmt"/>
        </file>
      </package>
      <package name="src.components.HelloComponent">
        <metrics statements="1" coveredstatements="1" conditionals="0" coveredconditionals="0" methods="0" coveredmethods="0"/>
        <file name="HelloComponent.vue" path="/Users/achenwei/www/lab/boilerplate-webpack-babel-sass-storybook-vuejs/src/components/HelloComponent/HelloComponent.vue">
          <metrics statements="1" coveredstatements="1" conditionals="0" coveredconditionals="0" methods="0" coveredmethods="0"/>
          <line num="12" count="1" type="stmt"/>
        </file>
      </package>
    </metrics>
  </project>
</coverage>
