{"/Users/achenwei/www/lab/boilerplate-webpack-babel-sass-storybook-vuejs/src/app.js": {"path":"/Users/achenwei/www/lab/boilerplate-webpack-babel-sass-storybook-vuejs/src/app.js","statementMap":{"0":{"start":{"line":1,"column":0},"end":{"line":null,"column":-1}},"1":{"start":{"line":2,"column":0},"end":{"line":null,"column":-1}},"2":{"start":{"line":3,"column":0},"end":{"line":null,"column":-1}},"3":{"start":{"line":5,"column":0},"end":{"line":null,"column":-1}},"4":{"start":{"line":8,"column":2},"end":{"line":null,"column":-1}},"5":{"start":{"line":10,"column":17},"end":{"line":10,"column":18}}},"fnMap":{"0":{"name":"(anonymous_1)","decl":{"start":{"line":5,"column":32},"end":{"line":5,"column":43}},"loc":{"start":{"line":5,"column":44},"end":{"line":5,"column":0}}},"1":{"name":"(anonymous_2)","decl":{"start":{"line":10,"column":12},"end":{"line":10,"column":13}},"loc":{"start":{"line":10,"column":17},"end":{"line":10,"column":18}}}},"branchMap":{},"s":{"0":0,"1":0,"2":0,"3":0,"4":0,"5":0},"f":{"0":0,"1":0},"b":{}}
,"/Users/achenwei/www/lab/boilerplate-webpack-babel-sass-storybook-vuejs/src/library.js": {"path":"/Users/achenwei/www/lab/boilerplate-webpack-babel-sass-storybook-vuejs/src/library.js","statementMap":{"0":{"start":{"line":1,"column":0},"end":{"line":null,"column":-1}},"1":{"start":{"line":2,"column":0},"end":{"line":null,"column":-1}},"2":{"start":{"line":3,"column":0},"end":{"line":null,"column":-1}},"3":{"start":{"line":4,"column":0},"end":{"line":null,"column":-1}},"4":{"start":{"line":5,"column":0},"end":{"line":null,"column":-1}}},"fnMap":{},"branchMap":{},"s":{"0":0,"1":0,"2":0,"3":0,"4":0},"f":{},"b":{}}
,"/Users/achenwei/www/lab/boilerplate-webpack-babel-sass-storybook-vuejs/src/components/App/App.vue": {"path":"/Users/achenwei/www/lab/boilerplate-webpack-babel-sass-storybook-vuejs/src/components/App/App.vue","statementMap":{"0":{"start":{"line":8,"column":0},"end":{"line":null,"column":-1}},"1":{"start":{"line":9,"column":0},"end":{"line":null,"column":-1}}},"fnMap":{},"branchMap":{},"s":{"0":1,"1":1},"f":{},"b":{}}
,"/Users/achenwei/www/lab/boilerplate-webpack-babel-sass-storybook-vuejs/src/components/ByeComponent/ByeComponent.vue": {"path":"/Users/achenwei/www/lab/boilerplate-webpack-babel-sass-storybook-vuejs/src/components/ByeComponent/ByeComponent.vue","statementMap":{"0":{"start":{"line":18,"column":0},"end":{"line":null,"column":-1}}},"fnMap":{},"branchMap":{},"s":{"0":1},"f":{},"b":{}}
,"/Users/achenwei/www/lab/boilerplate-webpack-babel-sass-storybook-vuejs/src/components/HelloComponent/HelloComponent.vue": {"path":"/Users/achenwei/www/lab/boilerplate-webpack-babel-sass-storybook-vuejs/src/components/HelloComponent/HelloComponent.vue","statementMap":{"0":{"start":{"line":18,"column":0},"end":{"line":null,"column":-1}}},"fnMap":{},"branchMap":{},"s":{"0":1},"f":{},"b":{}}
}
