TN:
SF:/Users/achenwei/www/lab/boilerplate-webpack-babel-sass-storybook-vuejs/src/app.js
FN:5,(anonymous_1)
FN:10,(anonymous_2)
FNF:2
FNH:0
FNDA:0,(anonymous_1)
FNDA:0,(anonymous_2)
DA:1,0
DA:2,0
DA:3,0
DA:5,0
DA:8,0
DA:10,0
LF:6
LH:0
BRF:0
BRH:0
end_of_record
TN:
SF:/Users/achenwei/www/lab/boilerplate-webpack-babel-sass-storybook-vuejs/src/library.js
FNF:0
FNH:0
DA:1,0
DA:2,0
DA:3,0
DA:4,0
DA:5,0
LF:5
LH:0
BRF:0
BRH:0
end_of_record
TN:
SF:/Users/achenwei/www/lab/boilerplate-webpack-babel-sass-storybook-vuejs/src/components/App/App.vue
FNF:0
FNH:0
DA:8,1
DA:9,1
LF:2
LH:2
BRF:0
BRH:0
end_of_record
TN:
SF:/Users/achenwei/www/lab/boilerplate-webpack-babel-sass-storybook-vuejs/src/components/ByeComponent/ByeComponent.vue
FNF:0
FNH:0
DA:18,1
LF:1
LH:1
BRF:0
BRH:0
end_of_record
TN:
SF:/Users/achenwei/www/lab/boilerplate-webpack-babel-sass-storybook-vuejs/src/components/HelloComponent/HelloComponent.vue
FNF:0
FNH:0
DA:18,1
LF:1
LH:1
BRF:0
BRH:0
end_of_record
